{"C:\\Users\\Usuario\\OneDrive - Universidad Autonoma de Occidente\\Escritorio\\7 SEMESTRE\\ING SOFT 2\\neocdt\\neocdt\\src\\app.js": {"path":"C:\\Users\\Usuario\\OneDrive - Universidad Autonoma de Occidente\\Escritorio\\7 SEMESTRE\\ING SOFT 2\\neocdt\\neocdt\\src\\app.js","statementMap":{"0":{"start":{"line":1,"column":0},"end":{"line":1,"column":27}},"1":{"start":{"line":2,"column":16},"end":{"line":2,"column":34}},"2":{"start":{"line":3,"column":12},"end":{"line":3,"column":21}},"3":{"start":{"line":4,"column":0},"end":{"line":4,"column":24}},"4":{"start":{"line":7,"column":0},"end":{"line":7,"column":67}},"5":{"start":{"line":7,"column":6},"end":{"line":7,"column":53}},"6":{"start":{"line":8,"column":0},"end":{"line":8,"column":66}},"7":{"start":{"line":8,"column":6},"end":{"line":8,"column":52}},"8":{"start":{"line":10,"column":0},"end":{"line":10,"column":86}},"9":{"start":{"line":10,"column":27},"end":{"line":10,"column":84}},"10":{"start":{"line":12,"column":0},"end":{"line":12,"column":21}}},"fnMap":{"0":{"name":"(anonymous_0)","decl":{"start":{"line":10,"column":13},"end":{"line":10,"column":14}},"loc":{"start":{"line":10,"column":27},"end":{"line":10,"column":84}},"line":10}},"branchMap":{},"s":{"0":4,"1":4,"2":4,"3":4,"4":4,"5":4,"6":4,"7":4,"8":4,"9":1,"10":4},"f":{"0":1},"b":{},"_coverageSchema":"1a1c01bbd47fc00a2c39e90264f33305004495a9","hash":"6a3e0512b1b194b70af2375a621068c288a532db"}
,"C:\\Users\\Usuario\\OneDrive - Universidad Autonoma de Occidente\\Escritorio\\7 SEMESTRE\\ING SOFT 2\\neocdt\\neocdt\\src\\Controllers\\AuthController.js": {"path":"C:\\Users\\Usuario\\OneDrive - Universidad Autonoma de Occidente\\Escritorio\\7 SEMESTRE\\ING SOFT 2\\neocdt\\neocdt\\src\\Controllers\\AuthController.js","statementMap":{"0":{"start":{"line":1,"column":16},"end":{"line":1,"column":44}},"1":{"start":{"line":2,"column":15},"end":{"line":2,"column":34}},"2":{"start":{"line":3,"column":12},"end":{"line":3,"column":35}},"3":{"start":{"line":5,"column":0},"end":{"line":24,"column":2}},"4":{"start":{"line":6,"column":96},"end":{"line":6,"column":104}},"5":{"start":{"line":7,"column":2},"end":{"line":23,"column":3}},"6":{"start":{"line":8,"column":21},"end":{"line":8,"column":84}},"7":{"start":{"line":9,"column":4},"end":{"line":9,"column":78}},"8":{"start":{"line":9,"column":18},"end":{"line":9,"column":78}},"9":{"start":{"line":11,"column":17},"end":{"line":11,"column":41}},"10":{"start":{"line":12,"column":17},"end":{"line":12,"column":52}},"11":{"start":{"line":14,"column":17},"end":{"line":17,"column":6}},"12":{"start":{"line":18,"column":4},"end":{"line":18,"column":22}},"13":{"start":{"line":19,"column":4},"end":{"line":19,"column":52}},"14":{"start":{"line":26,"column":0},"end":{"line":48,"column":2}},"15":{"start":{"line":27,"column":33},"end":{"line":27,"column":41}},"16":{"start":{"line":28,"column":2},"end":{"line":47,"column":3}},"17":{"start":{"line":29,"column":17},"end":{"line":29,"column":50}},"18":{"start":{"line":30,"column":4},"end":{"line":30,"column":80}},"19":{"start":{"line":30,"column":15},"end":{"line":30,"column":80}},"20":{"start":{"line":32,"column":18},"end":{"line":32,"column":67}},"21":{"start":{"line":33,"column":4},"end":{"line":33,"column":81}},"22":{"start":{"line":33,"column":16},"end":{"line":33,"column":81}},"23":{"start":{"line":35,"column":4},"end":{"line":35,"column":41}},"24":{"start":{"line":36,"column":4},"end":{"line":36,"column":22}},"25":{"start":{"line":38,"column":18},"end":{"line":42,"column":5}},"26":{"start":{"line":43,"column":4},"end":{"line":43,"column":24}}},"fnMap":{"0":{"name":"(anonymous_0)","decl":{"start":{"line":5,"column":19},"end":{"line":5,"column":20}},"loc":{"start":{"line":5,"column":39},"end":{"line":24,"column":1}},"line":5},"1":{"name":"(anonymous_1)","decl":{"start":{"line":26,"column":16},"end":{"line":26,"column":17}},"loc":{"start":{"line":26,"column":36},"end":{"line":48,"column":1}},"line":26}},"branchMap":{"0":{"loc":{"start":{"line":9,"column":4},"end":{"line":9,"column":78}},"type":"if","locations":[{"start":{"line":9,"column":4},"end":{"line":9,"column":78}},{"start":{},"end":{}}],"line":9},"1":{"loc":{"start":{"line":30,"column":4},"end":{"line":30,"column":80}},"type":"if","locations":[{"start":{"line":30,"column":4},"end":{"line":30,"column":80}},{"start":{},"end":{}}],"line":30},"2":{"loc":{"start":{"line":33,"column":4},"end":{"line":33,"column":81}},"type":"if","locations":[{"start":{"line":33,"column":4},"end":{"line":33,"column":81}},{"start":{},"end":{}}],"line":33}},"s":{"0":4,"1":4,"2":4,"3":4,"4":25,"5":25,"6":25,"7":24,"8":1,"9":23,"10":22,"11":22,"12":22,"13":22,"14":4,"15":22,"16":22,"17":22,"18":22,"19":0,"20":22,"21":22,"22":1,"23":21,"24":21,"25":21,"26":20},"f":{"0":25,"1":22},"b":{"0":[1,23],"1":[0,22],"2":[1,21]},"_coverageSchema":"1a1c01bbd47fc00a2c39e90264f33305004495a9","hash":"388ec717729f474881b0e84a692baab93bb8b011"}
,"C:\\Users\\Usuario\\OneDrive - Universidad Autonoma de Occidente\\Escritorio\\7 SEMESTRE\\ING SOFT 2\\neocdt\\neocdt\\src\\Controllers\\CDTController.js": {"path":"C:\\Users\\Usuario\\OneDrive - Universidad Autonoma de Occidente\\Escritorio\\7 SEMESTRE\\ING SOFT 2\\neocdt\\neocdt\\src\\Controllers\\CDTController.js","statementMap":{"0":{"start":{"line":1,"column":12},"end":{"line":1,"column":36}},"1":{"start":{"line":2,"column":21},"end":{"line":2,"column":54}},"2":{"start":{"line":3,"column":25},"end":{"line":3,"column":52}},"3":{"start":{"line":6,"column":2},"end":{"line":6,"column":47}},"4":{"start":{"line":6,"column":18},"end":{"line":6,"column":47}},"5":{"start":{"line":7,"column":2},"end":{"line":7,"column":67}},"6":{"start":{"line":7,"column":33},"end":{"line":7,"column":67}},"7":{"start":{"line":8,"column":2},"end":{"line":8,"column":61}},"8":{"start":{"line":8,"column":30},"end":{"line":8,"column":61}},"9":{"start":{"line":9,"column":2},"end":{"line":9,"column":66}},"10":{"start":{"line":9,"column":36},"end":{"line":9,"column":66}},"11":{"start":{"line":10,"column":2},"end":{"line":10,"column":14}},"12":{"start":{"line":13,"column":0},"end":{"line":45,"column":2}},"13":{"start":{"line":14,"column":2},"end":{"line":44,"column":3}},"14":{"start":{"line":15,"column":39},"end":{"line":15,"column":47}},"15":{"start":{"line":17,"column":4},"end":{"line":19,"column":5}},"16":{"start":{"line":18,"column":6},"end":{"line":18,"column":70}},"17":{"start":{"line":21,"column":21},"end":{"line":21,"column":54}},"18":{"start":{"line":22,"column":4},"end":{"line":22,"column":67}},"19":{"start":{"line":22,"column":18},"end":{"line":22,"column":67}},"20":{"start":{"line":24,"column":16},"end":{"line":24,"column":68}},"21":{"start":{"line":25,"column":4},"end":{"line":25,"column":21}},"22":{"start":{"line":27,"column":30},"end":{"line":27,"column":62}},"23":{"start":{"line":28,"column":4},"end":{"line":29,"column":88}},"24":{"start":{"line":29,"column":6},"end":{"line":29,"column":88}},"25":{"start":{"line":30,"column":4},"end":{"line":31,"column":82}},"26":{"start":{"line":31,"column":6},"end":{"line":31,"column":82}},"27":{"start":{"line":33,"column":27},"end":{"line":33,"column":62}},"28":{"start":{"line":34,"column":4},"end":{"line":34,"column":32}},"29":{"start":{"line":36,"column":4},"end":{"line":36,"column":61}},"30":{"start":{"line":38,"column":4},"end":{"line":39,"column":58}},"31":{"start":{"line":39,"column":6},"end":{"line":39,"column":58}},"32":{"start":{"line":47,"column":0},"end":{"line":57,"column":2}},"33":{"start":{"line":48,"column":2},"end":{"line":56,"column":3}},"34":{"start":{"line":49,"column":17},"end":{"line":49,"column":91}},"35":{"start":{"line":50,"column":4},"end":{"line":50,"column":19}},"36":{"start":{"line":59,"column":0},"end":{"line":92,"column":2}},"37":{"start":{"line":60,"column":2},"end":{"line":91,"column":3}},"38":{"start":{"line":61,"column":22},"end":{"line":61,"column":32}},"39":{"start":{"line":62,"column":20},"end":{"line":62,"column":28}},"40":{"start":{"line":64,"column":25},"end":{"line":64,"column":50}},"41":{"start":{"line":65,"column":4},"end":{"line":67,"column":5}},"42":{"start":{"line":66,"column":6},"end":{"line":66,"column":66}},"43":{"start":{"line":69,"column":21},"end":{"line":69,"column":52}},"44":{"start":{"line":70,"column":4},"end":{"line":70,"column":67}},"45":{"start":{"line":70,"column":18},"end":{"line":70,"column":67}},"46":{"start":{"line":72,"column":30},"end":{"line":72,"column":51}},"47":{"start":{"line":73,"column":4},"end":{"line":74,"column":88}},"48":{"start":{"line":74,"column":6},"end":{"line":74,"column":88}},"49":{"start":{"line":75,"column":4},"end":{"line":76,"column":82}},"50":{"start":{"line":76,"column":6},"end":{"line":76,"column":82}},"51":{"start":{"line":78,"column":27},"end":{"line":78,"column":62}},"52":{"start":{"line":79,"column":4},"end":{"line":79,"column":32}},"53":{"start":{"line":81,"column":4},"end":{"line":81,"column":75}},"54":{"start":{"line":83,"column":4},"end":{"line":83,"column":41}},"55":{"start":{"line":85,"column":4},"end":{"line":86,"column":58}},"56":{"start":{"line":86,"column":6},"end":{"line":86,"column":58}},"57":{"start":{"line":94,"column":0},"end":{"line":105,"column":2}},"58":{"start":{"line":95,"column":2},"end":{"line":104,"column":3}},"59":{"start":{"line":96,"column":22},"end":{"line":96,"column":32}},"60":{"start":{"line":97,"column":22},"end":{"line":97,"column":83}},"61":{"start":{"line":98,"column":4},"end":{"line":98,"column":24}}},"fnMap":{"0":{"name":"validarContenidoMinimo","decl":{"start":{"line":5,"column":9},"end":{"line":5,"column":31}},"loc":{"start":{"line":5,"column":43},"end":{"line":11,"column":1}},"line":5},"1":{"name":"(anonymous_1)","decl":{"start":{"line":13,"column":19},"end":{"line":13,"column":20}},"loc":{"start":{"line":13,"column":39},"end":{"line":45,"column":1}},"line":13},"2":{"name":"(anonymous_2)","decl":{"start":{"line":47,"column":21},"end":{"line":47,"column":22}},"loc":{"start":{"line":47,"column":41},"end":{"line":57,"column":1}},"line":47},"3":{"name":"(anonymous_3)","decl":{"start":{"line":59,"column":30},"end":{"line":59,"column":31}},"loc":{"start":{"line":59,"column":50},"end":{"line":92,"column":1}},"line":59},"4":{"name":"(anonymous_4)","decl":{"start":{"line":94,"column":20},"end":{"line":94,"column":21}},"loc":{"start":{"line":94,"column":40},"end":{"line":105,"column":1}},"line":94}},"branchMap":{"0":{"loc":{"start":{"line":6,"column":2},"end":{"line":6,"column":47}},"type":"if","locations":[{"start":{"line":6,"column":2},"end":{"line":6,"column":47}},{"start":{},"end":{}}],"line":6},"1":{"loc":{"start":{"line":7,"column":2},"end":{"line":7,"column":67}},"type":"if","locations":[{"start":{"line":7,"column":2},"end":{"line":7,"column":67}},{"start":{},"end":{}}],"line":7},"2":{"loc":{"start":{"line":8,"column":2},"end":{"line":8,"column":61}},"type":"if","locations":[{"start":{"line":8,"column":2},"end":{"line":8,"column":61}},{"start":{},"end":{}}],"line":8},"3":{"loc":{"start":{"line":9,"column":2},"end":{"line":9,"column":66}},"type":"if","locations":[{"start":{"line":9,"column":2},"end":{"line":9,"column":66}},{"start":{},"end":{}}],"line":9},"4":{"loc":{"start":{"line":17,"column":4},"end":{"line":19,"column":5}},"type":"if","locations":[{"start":{"line":17,"column":4},"end":{"line":19,"column":5}},{"start":{},"end":{}}],"line":17},"5":{"loc":{"start":{"line":17,"column":8},"end":{"line":17,"column":57}},"type":"binary-expr","locations":[{"start":{"line":17,"column":8},"end":{"line":17,"column":20}},{"start":{"line":17,"column":24},"end":{"line":17,"column":57}}],"line":17},"6":{"loc":{"start":{"line":22,"column":4},"end":{"line":22,"column":67}},"type":"if","locations":[{"start":{"line":22,"column":4},"end":{"line":22,"column":67}},{"start":{},"end":{}}],"line":22},"7":{"loc":{"start":{"line":28,"column":4},"end":{"line":29,"column":88}},"type":"if","locations":[{"start":{"line":28,"column":4},"end":{"line":29,"column":88}},{"start":{},"end":{}}],"line":28},"8":{"loc":{"start":{"line":30,"column":4},"end":{"line":31,"column":82}},"type":"if","locations":[{"start":{"line":30,"column":4},"end":{"line":31,"column":82}},{"start":{},"end":{}}],"line":30},"9":{"loc":{"start":{"line":38,"column":4},"end":{"line":39,"column":58}},"type":"if","locations":[{"start":{"line":38,"column":4},"end":{"line":39,"column":58}},{"start":{},"end":{}}],"line":38},"10":{"loc":{"start":{"line":65,"column":4},"end":{"line":67,"column":5}},"type":"if","locations":[{"start":{"line":65,"column":4},"end":{"line":67,"column":5}},{"start":{},"end":{}}],"line":65},"11":{"loc":{"start":{"line":70,"column":4},"end":{"line":70,"column":67}},"type":"if","locations":[{"start":{"line":70,"column":4},"end":{"line":70,"column":67}},{"start":{},"end":{}}],"line":70},"12":{"loc":{"start":{"line":73,"column":4},"end":{"line":74,"column":88}},"type":"if","locations":[{"start":{"line":73,"column":4},"end":{"line":74,"column":88}},{"start":{},"end":{}}],"line":73},"13":{"loc":{"start":{"line":75,"column":4},"end":{"line":76,"column":82}},"type":"if","locations":[{"start":{"line":75,"column":4},"end":{"line":76,"column":82}},{"start":{},"end":{}}],"line":75},"14":{"loc":{"start":{"line":85,"column":4},"end":{"line":86,"column":58}},"type":"if","locations":[{"start":{"line":85,"column":4},"end":{"line":86,"column":58}},{"start":{},"end":{}}],"line":85}},"s":{"0":4,"1":4,"2":4,"3":28,"4":2,"5":26,"6":2,"7":24,"8":2,"9":22,"10":2,"11":20,"12":4,"13":22,"14":22,"15":22,"16":2,"17":20,"18":20,"19":8,"20":12,"21":12,"22":11,"23":11,"24":11,"25":11,"26":11,"27":11,"28":11,"29":11,"30":1,"31":1,"32":4,"33":3,"34":3,"35":2,"36":4,"37":11,"38":11,"39":11,"40":11,"41":11,"42":3,"43":8,"44":8,"45":0,"46":8,"47":8,"48":8,"49":8,"50":8,"51":8,"52":8,"53":6,"54":6,"55":2,"56":1,"57":4,"58":6,"59":6,"60":6,"61":5},"f":{"0":28,"1":22,"2":3,"3":11,"4":6},"b":{"0":[2,26],"1":[2,24],"2":[2,22],"3":[2,20],"4":[2,20],"5":[22,21],"6":[8,12],"7":[11,0],"8":[11,0],"9":[1,0],"10":[3,8],"11":[0,8],"12":[8,0],"13":[8,0],"14":[1,1]},"_coverageSchema":"1a1c01bbd47fc00a2c39e90264f33305004495a9","hash":"54485d6e48caf3adb5a6c86e4083eae2fe61455e"}
,"C:\\Users\\Usuario\\OneDrive - Universidad Autonoma de Occidente\\Escritorio\\7 SEMESTRE\\ING SOFT 2\\neocdt\\neocdt\\src\\Middleware\\AuthMiddleware.js": {"path":"C:\\Users\\Usuario\\OneDrive - Universidad Autonoma de Occidente\\Escritorio\\7 SEMESTRE\\ING SOFT 2\\neocdt\\neocdt\\src\\Middleware\\AuthMiddleware.js","statementMap":{"0":{"start":{"line":1,"column":12},"end":{"line":1,"column":35}},"1":{"start":{"line":2,"column":16},"end":{"line":2,"column":44}},"2":{"start":{"line":4,"column":0},"end":{"line":15,"column":2}},"3":{"start":{"line":5,"column":15},"end":{"line":5,"column":40}},"4":{"start":{"line":6,"column":2},"end":{"line":6,"column":69}},"5":{"start":{"line":6,"column":13},"end":{"line":6,"column":69}},"6":{"start":{"line":7,"column":16},"end":{"line":7,"column":34}},"7":{"start":{"line":8,"column":2},"end":{"line":14,"column":3}},"8":{"start":{"line":9,"column":20},"end":{"line":9,"column":61}},"9":{"start":{"line":10,"column":4},"end":{"line":10,"column":23}},"10":{"start":{"line":11,"column":4},"end":{"line":11,"column":11}},"11":{"start":{"line":13,"column":4},"end":{"line":13,"column":54}}},"fnMap":{"0":{"name":"(anonymous_0)","decl":{"start":{"line":4,"column":17},"end":{"line":4,"column":18}},"loc":{"start":{"line":4,"column":43},"end":{"line":15,"column":1}},"line":4}},"branchMap":{"0":{"loc":{"start":{"line":6,"column":2},"end":{"line":6,"column":69}},"type":"if","locations":[{"start":{"line":6,"column":2},"end":{"line":6,"column":69}},{"start":{},"end":{}}],"line":6}},"s":{"0":4,"1":4,"2":4,"3":39,"4":39,"5":2,"6":37,"7":37,"8":37,"9":36,"10":36,"11":1},"f":{"0":39},"b":{"0":[2,37]},"_coverageSchema":"1a1c01bbd47fc00a2c39e90264f33305004495a9","hash":"7156bf028c9195cb220b1c936e4d9a07f5b73832"}
,"C:\\Users\\Usuario\\OneDrive - Universidad Autonoma de Occidente\\Escritorio\\7 SEMESTRE\\ING SOFT 2\\neocdt\\neocdt\\src\\Models\\CDT.js": {"path":"C:\\Users\\Usuario\\OneDrive - Universidad Autonoma de Occidente\\Escritorio\\7 SEMESTRE\\ING SOFT 2\\neocdt\\neocdt\\src\\Models\\CDT.js","statementMap":{"0":{"start":{"line":1,"column":17},"end":{"line":1,"column":36}},"1":{"start":{"line":2,"column":15},"end":{"line":2,"column":30}},"2":{"start":{"line":4,"column":18},"end":{"line":9,"column":2}},"3":{"start":{"line":11,"column":0},"end":{"line":11,"column":50}}},"fnMap":{},"branchMap":{},"s":{"0":4,"1":4,"2":4,"3":4},"f":{},"b":{},"_coverageSchema":"1a1c01bbd47fc00a2c39e90264f33305004495a9","hash":"f9d4163ea465ea15d989f2aa839a9379ac8ce432"}
,"C:\\Users\\Usuario\\OneDrive - Universidad Autonoma de Occidente\\Escritorio\\7 SEMESTRE\\ING SOFT 2\\neocdt\\neocdt\\src\\Models\\ContenidoCDT.js": {"path":"C:\\Users\\Usuario\\OneDrive - Universidad Autonoma de Occidente\\Escritorio\\7 SEMESTRE\\ING SOFT 2\\neocdt\\neocdt\\src\\Models\\ContenidoCDT.js","statementMap":{"0":{"start":{"line":1,"column":17},"end":{"line":1,"column":36}},"1":{"start":{"line":2,"column":15},"end":{"line":2,"column":30}},"2":{"start":{"line":3,"column":19},"end":{"line":3,"column":42}},"3":{"start":{"line":5,"column":27},"end":{"line":16,"column":2}},"4":{"start":{"line":18,"column":0},"end":{"line":18,"column":68}}},"fnMap":{},"branchMap":{},"s":{"0":4,"1":4,"2":4,"3":4,"4":4},"f":{},"b":{},"_coverageSchema":"1a1c01bbd47fc00a2c39e90264f33305004495a9","hash":"8e261d23d4377cd44f059f28437cc7a30ac7a017"}
,"C:\\Users\\Usuario\\OneDrive - Universidad Autonoma de Occidente\\Escritorio\\7 SEMESTRE\\ING SOFT 2\\neocdt\\neocdt\\src\\Models\\Usuario.js": {"path":"C:\\Users\\Usuario\\OneDrive - Universidad Autonoma de Occidente\\Escritorio\\7 SEMESTRE\\ING SOFT 2\\neocdt\\neocdt\\src\\Models\\Usuario.js","statementMap":{"0":{"start":{"line":1,"column":17},"end":{"line":1,"column":36}},"1":{"start":{"line":2,"column":15},"end":{"line":2,"column":30}},"2":{"start":{"line":4,"column":22},"end":{"line":15,"column":2}},"3":{"start":{"line":17,"column":0},"end":{"line":20,"column":3}},"4":{"start":{"line":18,"column":2},"end":{"line":18,"column":39}},"5":{"start":{"line":19,"column":2},"end":{"line":19,"column":9}},"6":{"start":{"line":22,"column":0},"end":{"line":22,"column":58}}},"fnMap":{"0":{"name":"(anonymous_0)","decl":{"start":{"line":17,"column":26},"end":{"line":17,"column":27}},"loc":{"start":{"line":17,"column":40},"end":{"line":20,"column":1}},"line":17}},"branchMap":{},"s":{"0":4,"1":4,"2":4,"3":4,"4":42,"5":42,"6":4},"f":{"0":42},"b":{},"_coverageSchema":"1a1c01bbd47fc00a2c39e90264f33305004495a9","hash":"3083d1af67f6f6777b6f85d9df87a2fbdc684e36"}
,"C:\\Users\\Usuario\\OneDrive - Universidad Autonoma de Occidente\\Escritorio\\7 SEMESTRE\\ING SOFT 2\\neocdt\\neocdt\\src\\Routes\\Auth.js": {"path":"C:\\Users\\Usuario\\OneDrive - Universidad Autonoma de Occidente\\Escritorio\\7 SEMESTRE\\ING SOFT 2\\neocdt\\neocdt\\src\\Routes\\Auth.js","statementMap":{"0":{"start":{"line":1,"column":16},"end":{"line":1,"column":34}},"1":{"start":{"line":2,"column":15},"end":{"line":2,"column":31}},"2":{"start":{"line":3,"column":17},"end":{"line":3,"column":57}},"3":{"start":{"line":5,"column":0},"end":{"line":5,"column":44}},"4":{"start":{"line":6,"column":0},"end":{"line":6,"column":38}},"5":{"start":{"line":8,"column":0},"end":{"line":8,"column":24}}},"fnMap":{},"branchMap":{},"s":{"0":4,"1":4,"2":4,"3":4,"4":4,"5":4},"f":{},"b":{},"_coverageSchema":"1a1c01bbd47fc00a2c39e90264f33305004495a9","hash":"f7cc1c16ad228ede86815316e056b6365869f28f"}
,"C:\\Users\\Usuario\\OneDrive - Universidad Autonoma de Occidente\\Escritorio\\7 SEMESTRE\\ING SOFT 2\\neocdt\\neocdt\\src\\Routes\\CDT.js": {"path":"C:\\Users\\Usuario\\OneDrive - Universidad Autonoma de Occidente\\Escritorio\\7 SEMESTRE\\ING SOFT 2\\neocdt\\neocdt\\src\\Routes\\CDT.js","statementMap":{"0":{"start":{"line":1,"column":16},"end":{"line":1,"column":34}},"1":{"start":{"line":2,"column":15},"end":{"line":2,"column":31}},"2":{"start":{"line":3,"column":16},"end":{"line":3,"column":55}},"3":{"start":{"line":4,"column":13},"end":{"line":4,"column":52}},"4":{"start":{"line":6,"column":0},"end":{"line":6,"column":41}},"5":{"start":{"line":7,"column":0},"end":{"line":7,"column":42}},"6":{"start":{"line":8,"column":0},"end":{"line":8,"column":68}},"7":{"start":{"line":9,"column":0},"end":{"line":9,"column":57}},"8":{"start":{"line":11,"column":0},"end":{"line":11,"column":24}}},"fnMap":{},"branchMap":{},"s":{"0":4,"1":4,"2":4,"3":4,"4":4,"5":4,"6":4,"7":4,"8":4},"f":{},"b":{},"_coverageSchema":"1a1c01bbd47fc00a2c39e90264f33305004495a9","hash":"ccaf5605332b65f3d57f7f42fb4abc0a0429bc6f"}
,"C:\\Users\\Usuario\\OneDrive - Universidad Autonoma de Occidente\\Escritorio\\7 SEMESTRE\\ING SOFT 2\\neocdt\\neocdt\\src\\Utils\\Decimal.js": {"path":"C:\\Users\\Usuario\\OneDrive - Universidad Autonoma de Occidente\\Escritorio\\7 SEMESTRE\\ING SOFT 2\\neocdt\\neocdt\\src\\Utils\\Decimal.js","statementMap":{"0":{"start":{"line":1,"column":17},"end":{"line":1,"column":36}},"1":{"start":{"line":2,"column":19},"end":{"line":2,"column":44}},"2":{"start":{"line":5,"column":2},"end":{"line":5,"column":29}},"3":{"start":{"line":5,"column":17},"end":{"line":5,"column":29}},"4":{"start":{"line":6,"column":2},"end":{"line":6,"column":42}},"5":{"start":{"line":9,"column":0},"end":{"line":9,"column":34}}},"fnMap":{"0":{"name":"toDecimal128","decl":{"start":{"line":4,"column":9},"end":{"line":4,"column":21}},"loc":{"start":{"line":4,"column":25},"end":{"line":7,"column":1}},"line":4}},"branchMap":{"0":{"loc":{"start":{"line":5,"column":2},"end":{"line":5,"column":29}},"type":"if","locations":[{"start":{"line":5,"column":2},"end":{"line":5,"column":29}},{"start":{},"end":{}}],"line":5}},"s":{"0":5,"1":5,"2":41,"3":2,"4":39,"5":5},"f":{"0":41},"b":{"0":[2,39]},"_coverageSchema":"1a1c01bbd47fc00a2c39e90264f33305004495a9","hash":"6b1d4f8cfd429065178db864ade89f65baddaacb"}
}
