TN:
SF:src\app.js
FN:10,(anonymous_0)
FNF:1
FNH:1
FNDA:1,(anonymous_0)
DA:1,4
DA:2,4
DA:3,4
DA:4,4
DA:7,4
DA:8,4
DA:10,4
DA:12,4
LF:8
LH:8
BRF:0
BRH:0
end_of_record
TN:
SF:src\Controllers\AuthController.js
FN:5,(anonymous_0)
FN:26,(anonymous_1)
FNF:2
FNH:2
FNDA:25,(anonymous_0)
FNDA:22,(anonymous_1)
DA:1,4
DA:2,4
DA:3,4
DA:5,4
DA:6,25
DA:7,25
DA:8,25
DA:9,24
DA:11,23
DA:12,22
DA:14,22
DA:18,22
DA:19,22
DA:26,4
DA:27,22
DA:28,22
DA:29,22
DA:30,22
DA:32,22
DA:33,22
DA:35,21
DA:36,21
DA:38,21
DA:43,20
LF:24
LH:24
BRDA:9,0,0,1
BRDA:9,0,1,23
BRDA:30,1,0,0
BRDA:30,1,1,22
BRDA:33,2,0,1
BRDA:33,2,1,21
BRF:6
BRH:5
end_of_record
TN:
SF:src\Controllers\CDTController.js
FN:5,validarContenidoMinimo
FN:13,(anonymous_1)
FN:47,(anonymous_2)
FN:59,(anonymous_3)
FN:94,(anonymous_4)
FNF:5
FNH:5
FNDA:28,validarContenidoMinimo
FNDA:22,(anonymous_1)
FNDA:3,(anonymous_2)
FNDA:11,(anonymous_3)
FNDA:6,(anonymous_4)
DA:1,4
DA:2,4
DA:3,4
DA:6,28
DA:7,26
DA:8,24
DA:9,22
DA:10,20
DA:13,4
DA:14,22
DA:15,22
DA:17,22
DA:18,2
DA:21,20
DA:22,20
DA:24,12
DA:25,12
DA:27,11
DA:28,11
DA:29,11
DA:30,11
DA:31,11
DA:33,11
DA:34,11
DA:36,11
DA:38,1
DA:39,1
DA:47,4
DA:48,3
DA:49,3
DA:50,2
DA:59,4
DA:60,11
DA:61,11
DA:62,11
DA:64,11
DA:65,11
DA:66,3
DA:69,8
DA:70,8
DA:72,8
DA:73,8
DA:74,8
DA:75,8
DA:76,8
DA:78,8
DA:79,8
DA:81,6
DA:83,6
DA:85,2
DA:86,1
DA:94,4
DA:95,6
DA:96,6
DA:97,6
DA:98,5
LF:56
LH:56
BRDA:6,0,0,2
BRDA:6,0,1,26
BRDA:7,1,0,2
BRDA:7,1,1,24
BRDA:8,2,0,2
BRDA:8,2,1,22
BRDA:9,3,0,2
BRDA:9,3,1,20
BRDA:17,4,0,2
BRDA:17,4,1,20
BRDA:17,5,0,22
BRDA:17,5,1,21
BRDA:22,6,0,8
BRDA:22,6,1,12
BRDA:28,7,0,11
BRDA:28,7,1,0
BRDA:30,8,0,11
BRDA:30,8,1,0
BRDA:38,9,0,1
BRDA:38,9,1,0
BRDA:65,10,0,3
BRDA:65,10,1,8
BRDA:70,11,0,0
BRDA:70,11,1,8
BRDA:73,12,0,8
BRDA:73,12,1,0
BRDA:75,13,0,8
BRDA:75,13,1,0
BRDA:85,14,0,1
BRDA:85,14,1,1
BRF:30
BRH:24
end_of_record
TN:
SF:src\Middleware\AuthMiddleware.js
FN:4,(anonymous_0)
FNF:1
FNH:1
FNDA:39,(anonymous_0)
DA:1,4
DA:2,4
DA:4,4
DA:5,39
DA:6,39
DA:7,37
DA:8,37
DA:9,37
DA:10,36
DA:11,36
DA:13,1
LF:11
LH:11
BRDA:6,0,0,2
BRDA:6,0,1,37
BRF:2
BRH:2
end_of_record
TN:
SF:src\Models\CDT.js
FNF:0
FNH:0
DA:1,4
DA:2,4
DA:4,4
DA:11,4
LF:4
LH:4
BRF:0
BRH:0
end_of_record
TN:
SF:src\Models\ContenidoCDT.js
FNF:0
FNH:0
DA:1,4
DA:2,4
DA:3,4
DA:5,4
DA:18,4
LF:5
LH:5
BRF:0
BRH:0
end_of_record
TN:
SF:src\Models\Usuario.js
FN:17,(anonymous_0)
FNF:1
FNH:1
FNDA:42,(anonymous_0)
DA:1,4
DA:2,4
DA:4,4
DA:17,4
DA:18,42
DA:19,42
DA:22,4
LF:7
LH:7
BRF:0
BRH:0
end_of_record
TN:
SF:src\Routes\Auth.js
FNF:0
FNH:0
DA:1,4
DA:2,4
DA:3,4
DA:5,4
DA:6,4
DA:8,4
LF:6
LH:6
BRF:0
BRH:0
end_of_record
TN:
SF:src\Routes\CDT.js
FNF:0
FNH:0
DA:1,4
DA:2,4
DA:3,4
DA:4,4
DA:6,4
DA:7,4
DA:8,4
DA:9,4
DA:11,4
LF:9
LH:9
BRF:0
BRH:0
end_of_record
TN:
SF:src\Utils\Decimal.js
FN:4,toDecimal128
FNF:1
FNH:1
FNDA:41,toDecimal128
DA:1,5
DA:2,5
DA:5,41
DA:6,39
DA:9,5
LF:5
LH:5
BRDA:5,0,0,2
BRDA:5,0,1,39
BRF:2
BRH:2
end_of_record
