TN:
SF:neocdt\backend\src\Controllers\AuthController.js
FN:5,(anonymous_0)
FN:37,(anonymous_1)
FNF:2
FNH:2
FNDA:4,(anonymous_0)
FNDA:4,(anonymous_1)
DA:1,2
DA:2,2
DA:3,2
DA:5,2
DA:6,4
DA:7,4
DA:9,4
DA:10,4
DA:13,3
DA:14,1
DA:17,1
DA:27,1
DA:28,1
DA:31,1
DA:33,2
DA:37,2
DA:38,4
DA:39,4
DA:41,4
DA:42,4
DA:45,3
DA:46,3
DA:49,2
DA:50,2
DA:51,2
DA:55,2
DA:61,1
DA:63,1
LF:28
LH:28
BRDA:10,0,0,1
BRDA:10,0,1,3
BRDA:27,1,0,1
BRDA:27,1,1,0
BRDA:27,2,0,1
BRDA:27,2,1,1
BRDA:42,3,0,1
BRDA:42,3,1,3
BRDA:46,4,0,1
BRDA:46,4,1,2
BRDA:49,5,0,2
BRDA:49,5,1,0
BRDA:49,6,0,2
BRDA:49,6,1,2
BRDA:57,7,0,2
BRDA:57,7,1,2
BRF:16
BRH:14
end_of_record
TN:
SF:neocdt\backend\src\Controllers\CDTController.js
FN:7,(anonymous_0)
FN:47,(anonymous_1)
FN:60,(anonymous_2)
FN:88,(anonymous_3)
FN:118,(anonymous_4)
FNF:5
FNH:5
FNDA:8,(anonymous_0)
FNDA:2,(anonymous_1)
FNDA:4,(anonymous_2)
FNDA:6,(anonymous_3)
FNDA:2,(anonymous_4)
DA:2,3
DA:3,3
DA:4,3
DA:7,3
DA:8,8
DA:9,8
DA:11,8
DA:13,8
DA:14,2
DA:16,6
DA:17,1
DA:19,5
DA:20,1
DA:22,4
DA:23,1
DA:25,3
DA:26,1
DA:30,2
DA:36,2
DA:37,1
DA:39,1
DA:40,1
DA:42,0
DA:47,3
DA:48,2
DA:50,2
DA:52,2
DA:53,1
DA:55,1
DA:60,3
DA:61,4
DA:63,4
DA:65,4
DA:66,4
DA:69,2
DA:70,2
DA:73,2
DA:80,2
DA:81,1
DA:83,1
DA:88,3
DA:89,6
DA:90,6
DA:92,6
DA:94,6
DA:95,6
DA:98,5
DA:107,5
DA:108,3
DA:110,2
DA:111,1
DA:113,1
DA:118,3
DA:119,2
DA:121,2
DA:123,2
DA:124,1
DA:126,1
LF:58
LH:57
BRDA:13,0,0,2
BRDA:13,0,1,6
BRDA:13,1,0,8
BRDA:13,1,1,7
BRDA:16,2,0,1
BRDA:16,2,1,5
BRDA:19,3,0,1
BRDA:19,3,1,4
BRDA:22,4,0,1
BRDA:22,4,1,3
BRDA:25,5,0,1
BRDA:25,5,1,2
BRDA:39,6,0,1
BRDA:39,6,1,0
BRDA:66,7,0,2
BRDA:66,7,1,2
BRDA:95,8,0,1
BRDA:95,8,1,5
BRDA:100,9,0,5
BRDA:100,9,1,5
BRDA:101,10,0,5
BRDA:101,10,1,5
BRDA:110,11,0,1
BRDA:110,11,1,1
BRF:24
BRH:23
end_of_record
TN:
SF:neocdt\backend\src\Middleware\AuthMiddleware.js
FN:4,(anonymous_0)
FNF:1
FNH:1
FNDA:4,(anonymous_0)
DA:2,2
DA:4,2
DA:5,4
DA:7,4
DA:8,4
DA:11,3
DA:12,3
DA:15,3
DA:16,2
DA:17,1
DA:18,1
DA:19,1
DA:21,2
LF:13
LH:13
BRDA:7,0,0,4
BRDA:7,0,1,4
BRDA:7,0,2,1
BRDA:7,0,3,1
BRDA:8,1,0,1
BRDA:8,1,1,3
BRDA:12,2,0,3
BRDA:12,2,1,0
BRDA:15,3,0,3
BRDA:15,3,1,3
BRDA:21,4,0,2
BRDA:21,4,1,0
BRF:12
BRH:10
end_of_record
TN:
SF:neocdt\backend\src\Utils\Decimal.js
FN:9,toDecimal128
FNF:1
FNH:1
FNDA:13,toDecimal128
DA:1,1
DA:2,1
DA:10,13
DA:11,11
DA:14,1
LF:5
LH:5
BRDA:10,0,0,2
BRDA:10,0,1,11
BRF:2
BRH:2
end_of_record
