{"C:\\Users\\sebas\\OneDrive\\Escritorio\\neocdt\\neocdt\\backend\\src\\Controllers\\AuthController.js": {"path":"C:\\Users\\sebas\\OneDrive\\Escritorio\\neocdt\\neocdt\\backend\\src\\Controllers\\AuthController.js","statementMap":{"0":{"start":{"line":1,"column":16},"end":{"line":1,"column":44}},"1":{"start":{"line":2,"column":15},"end":{"line":2,"column":34}},"2":{"start":{"line":3,"column":12},"end":{"line":3,"column":35}},"3":{"start":{"line":5,"column":0},"end":{"line":35,"column":2}},"4":{"start":{"line":6,"column":96},"end":{"line":6,"column":104}},"5":{"start":{"line":7,"column":2},"end":{"line":34,"column":3}},"6":{"start":{"line":9,"column":21},"end":{"line":9,"column":84}},"7":{"start":{"line":10,"column":4},"end":{"line":10,"column":78}},"8":{"start":{"line":10,"column":18},"end":{"line":10,"column":78}},"9":{"start":{"line":13,"column":17},"end":{"line":13,"column":41}},"10":{"start":{"line":14,"column":17},"end":{"line":14,"column":52}},"11":{"start":{"line":17,"column":17},"end":{"line":24,"column":6}},"12":{"start":{"line":27,"column":4},"end":{"line":29,"column":5}},"13":{"start":{"line":28,"column":6},"end":{"line":28,"column":24}},"14":{"start":{"line":31,"column":4},"end":{"line":31,"column":73}},"15":{"start":{"line":33,"column":4},"end":{"line":33,"column":49}},"16":{"start":{"line":37,"column":0},"end":{"line":65,"column":2}},"17":{"start":{"line":38,"column":33},"end":{"line":38,"column":41}},"18":{"start":{"line":39,"column":2},"end":{"line":64,"column":3}},"19":{"start":{"line":41,"column":17},"end":{"line":41,"column":50}},"20":{"start":{"line":42,"column":4},"end":{"line":42,"column":80}},"21":{"start":{"line":42,"column":15},"end":{"line":42,"column":80}},"22":{"start":{"line":45,"column":18},"end":{"line":45,"column":67}},"23":{"start":{"line":46,"column":4},"end":{"line":46,"column":81}},"24":{"start":{"line":46,"column":16},"end":{"line":46,"column":81}},"25":{"start":{"line":49,"column":4},"end":{"line":52,"column":5}},"26":{"start":{"line":50,"column":6},"end":{"line":50,"column":43}},"27":{"start":{"line":51,"column":6},"end":{"line":51,"column":24}},"28":{"start":{"line":55,"column":18},"end":{"line":59,"column":5}},"29":{"start":{"line":61,"column":4},"end":{"line":61,"column":36}},"30":{"start":{"line":63,"column":4},"end":{"line":63,"column":49}}},"fnMap":{"0":{"name":"(anonymous_0)","decl":{"start":{"line":5,"column":19},"end":{"line":5,"column":20}},"loc":{"start":{"line":5,"column":39},"end":{"line":35,"column":1}},"line":5},"1":{"name":"(anonymous_1)","decl":{"start":{"line":37,"column":16},"end":{"line":37,"column":17}},"loc":{"start":{"line":37,"column":36},"end":{"line":65,"column":1}},"line":37}},"branchMap":{"0":{"loc":{"start":{"line":10,"column":4},"end":{"line":10,"column":78}},"type":"if","locations":[{"start":{"line":10,"column":4},"end":{"line":10,"column":78}},{"start":{},"end":{}}],"line":10},"1":{"loc":{"start":{"line":27,"column":4},"end":{"line":29,"column":5}},"type":"if","locations":[{"start":{"line":27,"column":4},"end":{"line":29,"column":5}},{"start":{},"end":{}}],"line":27},"2":{"loc":{"start":{"line":27,"column":8},"end":{"line":27,"column":47}},"type":"binary-expr","locations":[{"start":{"line":27,"column":8},"end":{"line":27,"column":12}},{"start":{"line":27,"column":16},"end":{"line":27,"column":47}}],"line":27},"3":{"loc":{"start":{"line":42,"column":4},"end":{"line":42,"column":80}},"type":"if","locations":[{"start":{"line":42,"column":4},"end":{"line":42,"column":80}},{"start":{},"end":{}}],"line":42},"4":{"loc":{"start":{"line":46,"column":4},"end":{"line":46,"column":81}},"type":"if","locations":[{"start":{"line":46,"column":4},"end":{"line":46,"column":81}},{"start":{},"end":{}}],"line":46},"5":{"loc":{"start":{"line":49,"column":4},"end":{"line":52,"column":5}},"type":"if","locations":[{"start":{"line":49,"column":4},"end":{"line":52,"column":5}},{"start":{},"end":{}}],"line":49},"6":{"loc":{"start":{"line":49,"column":8},"end":{"line":49,"column":47}},"type":"binary-expr","locations":[{"start":{"line":49,"column":8},"end":{"line":49,"column":12}},{"start":{"line":49,"column":16},"end":{"line":49,"column":47}}],"line":49},"7":{"loc":{"start":{"line":57,"column":6},"end":{"line":57,"column":44}},"type":"binary-expr","locations":[{"start":{"line":57,"column":6},"end":{"line":57,"column":28}},{"start":{"line":57,"column":32},"end":{"line":57,"column":44}}],"line":57}},"s":{"0":2,"1":2,"2":2,"3":2,"4":4,"5":4,"6":4,"7":4,"8":1,"9":3,"10":1,"11":1,"12":1,"13":1,"14":1,"15":2,"16":2,"17":4,"18":4,"19":4,"20":4,"21":1,"22":3,"23":3,"24":1,"25":2,"26":2,"27":2,"28":2,"29":1,"30":1},"f":{"0":4,"1":4},"b":{"0":[1,3],"1":[1,0],"2":[1,1],"3":[1,3],"4":[1,2],"5":[2,0],"6":[2,2],"7":[2,2]},"_coverageSchema":"1a1c01bbd47fc00a2c39e90264f33305004495a9","hash":"23dd7351aa32d230c2386f9a8374915128bf4fb4"}
,"C:\\Users\\sebas\\OneDrive\\Escritorio\\neocdt\\neocdt\\backend\\src\\Controllers\\CDTController.js": {"path":"C:\\Users\\sebas\\OneDrive\\Escritorio\\neocdt\\neocdt\\backend\\src\\Controllers\\CDTController.js","statementMap":{"0":{"start":{"line":2,"column":12},"end":{"line":2,"column":36}},"1":{"start":{"line":3,"column":16},"end":{"line":3,"column":44}},"2":{"start":{"line":4,"column":21},"end":{"line":4,"column":54}},"3":{"start":{"line":7,"column":0},"end":{"line":44,"column":2}},"4":{"start":{"line":8,"column":37},"end":{"line":8,"column":45}},"5":{"start":{"line":9,"column":20},"end":{"line":9,"column":35}},"6":{"start":{"line":11,"column":2},"end":{"line":43,"column":3}},"7":{"start":{"line":13,"column":4},"end":{"line":15,"column":5}},"8":{"start":{"line":14,"column":6},"end":{"line":14,"column":70}},"9":{"start":{"line":16,"column":4},"end":{"line":18,"column":5}},"10":{"start":{"line":17,"column":6},"end":{"line":17,"column":68}},"11":{"start":{"line":19,"column":4},"end":{"line":21,"column":5}},"12":{"start":{"line":20,"column":6},"end":{"line":20,"column":73}},"13":{"start":{"line":22,"column":4},"end":{"line":24,"column":5}},"14":{"start":{"line":23,"column":6},"end":{"line":23,"column":70}},"15":{"start":{"line":25,"column":4},"end":{"line":27,"column":5}},"16":{"start":{"line":26,"column":6},"end":{"line":26,"column":69}},"17":{"start":{"line":30,"column":21},"end":{"line":34,"column":6}},"18":{"start":{"line":36,"column":4},"end":{"line":36,"column":26}},"19":{"start":{"line":37,"column":4},"end":{"line":37,"column":93}},"20":{"start":{"line":39,"column":4},"end":{"line":41,"column":5}},"21":{"start":{"line":40,"column":6},"end":{"line":40,"column":58}},"22":{"start":{"line":42,"column":4},"end":{"line":42,"column":49}},"23":{"start":{"line":47,"column":0},"end":{"line":57,"column":2}},"24":{"start":{"line":48,"column":20},"end":{"line":48,"column":33}},"25":{"start":{"line":50,"column":2},"end":{"line":56,"column":3}},"26":{"start":{"line":52,"column":17},"end":{"line":52,"column":46}},"27":{"start":{"line":53,"column":4},"end":{"line":53,"column":19}},"28":{"start":{"line":55,"column":4},"end":{"line":55,"column":49}},"29":{"start":{"line":60,"column":0},"end":{"line":85,"column":2}},"30":{"start":{"line":61,"column":20},"end":{"line":61,"column":30}},"31":{"start":{"line":63,"column":2},"end":{"line":84,"column":3}},"32":{"start":{"line":65,"column":16},"end":{"line":65,"column":41}},"33":{"start":{"line":66,"column":4},"end":{"line":66,"column":74}},"34":{"start":{"line":66,"column":14},"end":{"line":66,"column":74}},"35":{"start":{"line":69,"column":34},"end":{"line":69,"column":64}},"36":{"start":{"line":70,"column":4},"end":{"line":70,"column":72}},"37":{"start":{"line":73,"column":21},"end":{"line":78,"column":6}},"38":{"start":{"line":80,"column":4},"end":{"line":80,"column":26}},"39":{"start":{"line":81,"column":4},"end":{"line":81,"column":73}},"40":{"start":{"line":83,"column":4},"end":{"line":83,"column":49}},"41":{"start":{"line":88,"column":0},"end":{"line":115,"column":2}},"42":{"start":{"line":89,"column":20},"end":{"line":89,"column":30}},"43":{"start":{"line":90,"column":77},"end":{"line":90,"column":85}},"44":{"start":{"line":92,"column":2},"end":{"line":114,"column":3}},"45":{"start":{"line":94,"column":16},"end":{"line":94,"column":41}},"46":{"start":{"line":95,"column":4},"end":{"line":95,"column":74}},"47":{"start":{"line":95,"column":14},"end":{"line":95,"column":74}},"48":{"start":{"line":98,"column":27},"end":{"line":105,"column":6}},"49":{"start":{"line":107,"column":4},"end":{"line":107,"column":32}},"50":{"start":{"line":108,"column":4},"end":{"line":108,"column":90}},"51":{"start":{"line":110,"column":4},"end":{"line":112,"column":5}},"52":{"start":{"line":111,"column":6},"end":{"line":111,"column":58}},"53":{"start":{"line":113,"column":4},"end":{"line":113,"column":49}},"54":{"start":{"line":118,"column":0},"end":{"line":128,"column":2}},"55":{"start":{"line":119,"column":20},"end":{"line":119,"column":30}},"56":{"start":{"line":121,"column":2},"end":{"line":127,"column":3}},"57":{"start":{"line":123,"column":22},"end":{"line":123,"column":83}},"58":{"start":{"line":124,"column":4},"end":{"line":124,"column":24}},"59":{"start":{"line":126,"column":4},"end":{"line":126,"column":49}}},"fnMap":{"0":{"name":"(anonymous_0)","decl":{"start":{"line":7,"column":19},"end":{"line":7,"column":20}},"loc":{"start":{"line":7,"column":39},"end":{"line":44,"column":1}},"line":7},"1":{"name":"(anonymous_1)","decl":{"start":{"line":47,"column":21},"end":{"line":47,"column":22}},"loc":{"start":{"line":47,"column":41},"end":{"line":57,"column":1}},"line":47},"2":{"name":"(anonymous_2)","decl":{"start":{"line":60,"column":21},"end":{"line":60,"column":22}},"loc":{"start":{"line":60,"column":41},"end":{"line":85,"column":1}},"line":60},"3":{"name":"(anonymous_3)","decl":{"start":{"line":88,"column":30},"end":{"line":88,"column":31}},"loc":{"start":{"line":88,"column":50},"end":{"line":115,"column":1}},"line":88},"4":{"name":"(anonymous_4)","decl":{"start":{"line":118,"column":23},"end":{"line":118,"column":24}},"loc":{"start":{"line":118,"column":43},"end":{"line":128,"column":1}},"line":118}},"branchMap":{"0":{"loc":{"start":{"line":13,"column":4},"end":{"line":15,"column":5}},"type":"if","locations":[{"start":{"line":13,"column":4},"end":{"line":15,"column":5}},{"start":{},"end":{}}],"line":13},"1":{"loc":{"start":{"line":13,"column":8},"end":{"line":13,"column":49}},"type":"binary-expr","locations":[{"start":{"line":13,"column":8},"end":{"line":13,"column":20}},{"start":{"line":13,"column":24},"end":{"line":13,"column":49}}],"line":13},"2":{"loc":{"start":{"line":16,"column":4},"end":{"line":18,"column":5}},"type":"if","locations":[{"start":{"line":16,"column":4},"end":{"line":18,"column":5}},{"start":{},"end":{}}],"line":16},"3":{"loc":{"start":{"line":19,"column":4},"end":{"line":21,"column":5}},"type":"if","locations":[{"start":{"line":19,"column":4},"end":{"line":21,"column":5}},{"start":{},"end":{}}],"line":19},"4":{"loc":{"start":{"line":22,"column":4},"end":{"line":24,"column":5}},"type":"if","locations":[{"start":{"line":22,"column":4},"end":{"line":24,"column":5}},{"start":{},"end":{}}],"line":22},"5":{"loc":{"start":{"line":25,"column":4},"end":{"line":27,"column":5}},"type":"if","locations":[{"start":{"line":25,"column":4},"end":{"line":27,"column":5}},{"start":{},"end":{}}],"line":25},"6":{"loc":{"start":{"line":39,"column":4},"end":{"line":41,"column":5}},"type":"if","locations":[{"start":{"line":39,"column":4},"end":{"line":41,"column":5}},{"start":{},"end":{}}],"line":39},"7":{"loc":{"start":{"line":66,"column":4},"end":{"line":66,"column":74}},"type":"if","locations":[{"start":{"line":66,"column":4},"end":{"line":66,"column":74}},{"start":{},"end":{}}],"line":66},"8":{"loc":{"start":{"line":95,"column":4},"end":{"line":95,"column":74}},"type":"if","locations":[{"start":{"line":95,"column":4},"end":{"line":95,"column":74}},{"start":{},"end":{}}],"line":95},"9":{"loc":{"start":{"line":100,"column":21},"end":{"line":100,"column":48}},"type":"binary-expr","locations":[{"start":{"line":100,"column":21},"end":{"line":100,"column":34}},{"start":{"line":100,"column":38},"end":{"line":100,"column":48}}],"line":100},"10":{"loc":{"start":{"line":101,"column":14},"end":{"line":101,"column":34}},"type":"binary-expr","locations":[{"start":{"line":101,"column":14},"end":{"line":101,"column":20}},{"start":{"line":101,"column":24},"end":{"line":101,"column":34}}],"line":101},"11":{"loc":{"start":{"line":110,"column":4},"end":{"line":112,"column":5}},"type":"if","locations":[{"start":{"line":110,"column":4},"end":{"line":112,"column":5}},{"start":{},"end":{}}],"line":110}},"s":{"0":3,"1":3,"2":3,"3":3,"4":8,"5":8,"6":8,"7":8,"8":2,"9":6,"10":1,"11":5,"12":1,"13":4,"14":1,"15":3,"16":1,"17":2,"18":2,"19":1,"20":1,"21":1,"22":0,"23":3,"24":2,"25":2,"26":2,"27":1,"28":1,"29":3,"30":4,"31":4,"32":4,"33":4,"34":2,"35":2,"36":2,"37":2,"38":2,"39":1,"40":1,"41":3,"42":6,"43":6,"44":6,"45":6,"46":6,"47":1,"48":5,"49":5,"50":3,"51":2,"52":1,"53":1,"54":3,"55":2,"56":2,"57":2,"58":1,"59":1},"f":{"0":8,"1":2,"2":4,"3":6,"4":2},"b":{"0":[2,6],"1":[8,7],"2":[1,5],"3":[1,4],"4":[1,3],"5":[1,2],"6":[1,0],"7":[2,2],"8":[1,5],"9":[5,5],"10":[5,5],"11":[1,1]},"_coverageSchema":"1a1c01bbd47fc00a2c39e90264f33305004495a9","hash":"633aea04b46ba3d45fd98662aca2dceffdcf4af9"}
,"C:\\Users\\sebas\\OneDrive\\Escritorio\\neocdt\\neocdt\\backend\\src\\Middleware\\AuthMiddleware.js": {"path":"C:\\Users\\sebas\\OneDrive\\Escritorio\\neocdt\\neocdt\\backend\\src\\Middleware\\AuthMiddleware.js","statementMap":{"0":{"start":{"line":2,"column":12},"end":{"line":2,"column":35}},"1":{"start":{"line":4,"column":0},"end":{"line":23,"column":2}},"2":{"start":{"line":5,"column":2},"end":{"line":22,"column":3}},"3":{"start":{"line":7,"column":19},"end":{"line":7,"column":98}},"4":{"start":{"line":8,"column":4},"end":{"line":8,"column":82}},"5":{"start":{"line":8,"column":17},"end":{"line":8,"column":82}},"6":{"start":{"line":11,"column":18},"end":{"line":11,"column":35}},"7":{"start":{"line":12,"column":18},"end":{"line":12,"column":56}},"8":{"start":{"line":15,"column":20},"end":{"line":15,"column":77}},"9":{"start":{"line":16,"column":4},"end":{"line":16,"column":35}},"10":{"start":{"line":17,"column":4},"end":{"line":17,"column":31}},"11":{"start":{"line":18,"column":4},"end":{"line":18,"column":42}},"12":{"start":{"line":19,"column":4},"end":{"line":19,"column":18}},"13":{"start":{"line":21,"column":4},"end":{"line":21,"column":76}}},"fnMap":{"0":{"name":"(anonymous_0)","decl":{"start":{"line":4,"column":17},"end":{"line":4,"column":18}},"loc":{"start":{"line":4,"column":37},"end":{"line":23,"column":1}},"line":4}},"branchMap":{"0":{"loc":{"start":{"line":7,"column":19},"end":{"line":7,"column":98}},"type":"binary-expr","locations":[{"start":{"line":7,"column":20},"end":{"line":7,"column":31}},{"start":{"line":7,"column":36},"end":{"line":7,"column":61}},{"start":{"line":7,"column":65},"end":{"line":7,"column":90}},{"start":{"line":7,"column":96},"end":{"line":7,"column":98}}],"line":7},"1":{"loc":{"start":{"line":8,"column":4},"end":{"line":8,"column":82}},"type":"if","locations":[{"start":{"line":8,"column":4},"end":{"line":8,"column":82}},{"start":{},"end":{}}],"line":8},"2":{"loc":{"start":{"line":12,"column":18},"end":{"line":12,"column":56}},"type":"cond-expr","locations":[{"start":{"line":12,"column":39},"end":{"line":12,"column":47}},{"start":{"line":12,"column":50},"end":{"line":12,"column":56}}],"line":12},"3":{"loc":{"start":{"line":15,"column":38},"end":{"line":15,"column":76}},"type":"binary-expr","locations":[{"start":{"line":15,"column":38},"end":{"line":15,"column":60}},{"start":{"line":15,"column":64},"end":{"line":15,"column":76}}],"line":15},"4":{"loc":{"start":{"line":21,"column":41},"end":{"line":21,"column":72}},"type":"binary-expr","locations":[{"start":{"line":21,"column":41},"end":{"line":21,"column":52}},{"start":{"line":21,"column":56},"end":{"line":21,"column":72}}],"line":21}},"s":{"0":2,"1":2,"2":4,"3":4,"4":4,"5":1,"6":3,"7":3,"8":3,"9":2,"10":1,"11":1,"12":1,"13":2},"f":{"0":4},"b":{"0":[4,4,1,1],"1":[1,3],"2":[3,0],"3":[3,3],"4":[2,0]},"_coverageSchema":"1a1c01bbd47fc00a2c39e90264f33305004495a9","hash":"ed4961a766879e3eaef6a14129c290ae28b2bd4f"}
,"C:\\Users\\sebas\\OneDrive\\Escritorio\\neocdt\\neocdt\\backend\\src\\Utils\\Decimal.js": {"path":"C:\\Users\\sebas\\OneDrive\\Escritorio\\neocdt\\neocdt\\backend\\src\\Utils\\Decimal.js","statementMap":{"0":{"start":{"line":1,"column":17},"end":{"line":1,"column":36}},"1":{"start":{"line":2,"column":19},"end":{"line":2,"column":44}},"2":{"start":{"line":10,"column":2},"end":{"line":10,"column":29}},"3":{"start":{"line":10,"column":17},"end":{"line":10,"column":29}},"4":{"start":{"line":11,"column":2},"end":{"line":11,"column":42}},"5":{"start":{"line":14,"column":0},"end":{"line":14,"column":34}}},"fnMap":{"0":{"name":"toDecimal128","decl":{"start":{"line":9,"column":9},"end":{"line":9,"column":21}},"loc":{"start":{"line":9,"column":25},"end":{"line":12,"column":1}},"line":9}},"branchMap":{"0":{"loc":{"start":{"line":10,"column":2},"end":{"line":10,"column":29}},"type":"if","locations":[{"start":{"line":10,"column":2},"end":{"line":10,"column":29}},{"start":{},"end":{}}],"line":10}},"s":{"0":1,"1":1,"2":13,"3":2,"4":11,"5":1},"f":{"0":13},"b":{"0":[2,11]},"_coverageSchema":"1a1c01bbd47fc00a2c39e90264f33305004495a9","hash":"22db682b07fab32e50b43531fd718bf0cc0f56a1"}
}
